This is pdfTeX, Version 3.1415926-1.40.10 (TeX Live 2009) (format=pdflatex 2009.11.7)  5 SEP 2012 11:05
entering extended mode
 %&-line parsing enabled.
**logit
(./logit.tex
LaTeX2e <2009/09/24>
Babel <v3.8l> and hyphenation patterns for english, usenglishmax, dumylang, noh
yphenation, german-x-2009-06-19, ngerman-x-2009-06-19, ancientgreek, ibycus, ar
abic, basque, bulgarian, catalan, pinyin, coptic, croatian, czech, danish, dutc
h, esperanto, estonian, farsi, finnish, french, galician, german, ngerman, mono
greek, greek, hungarian, icelandic, indonesian, interlingua, irish, italian, ku
rmanji, latin, latvian, lithuanian, mongolian, mongolian2a, bokmal, nynorsk, po
lish, portuguese, romanian, russian, sanskrit, serbian, slovak, slovenian, span
ish, swedish, turkish, ukenglish, ukrainian, uppersorbian, welsh, loaded.
(/usr/local/texlive/2009/texmf-dist/tex/latex/base/article.cls
Document Class: article 2007/10/19 v1.4h Standard LaTeX document class
(/usr/local/texlive/2009/texmf-dist/tex/latex/base/size10.clo
File: size10.clo 2007/10/19 v1.4h Standard LaTeX file (size option)
)
\c@part=\count79
\c@section=\count80
\c@subsection=\count81
\c@subsubsection=\count82
\c@paragraph=\count83
\c@subparagraph=\count84
\c@figure=\count85
\c@table=\count86
\abovecaptionskip=\skip41
\belowcaptionskip=\skip42
\bibindent=\dimen102
)
(/usr/local/texlive/2009/texmf-dist/tex/latex/natbib/bibentry.sty
Package: bibentry 2007/10/30 1.5 (PWD)
)
(/usr/local/texlive/2009/texmf-dist/tex/latex/graphics/graphicx.sty
Package: graphicx 1999/02/16 v1.0f Enhanced LaTeX Graphics (DPC,SPQR)

(/usr/local/texlive/2009/texmf-dist/tex/latex/graphics/keyval.sty
Package: keyval 1999/03/16 v1.13 key=value parser (DPC)
\KV@toks@=\toks14
)
(/usr/local/texlive/2009/texmf-dist/tex/latex/graphics/graphics.sty
Package: graphics 2009/02/05 v1.0o Standard LaTeX Graphics (DPC,SPQR)

(/usr/local/texlive/2009/texmf-dist/tex/latex/graphics/trig.sty
Package: trig 1999/03/16 v1.09 sin cos tan (DPC)
)
(/usr/local/texlive/2009/texmf-dist/tex/latex/latexconfig/graphics.cfg
File: graphics.cfg 2009/08/28 v1.8 graphics configuration of TeX Live
)
Package graphics Info: Driver file: pdftex.def on input line 91.

(/usr/local/texlive/2009/texmf-dist/tex/latex/pdftex-def/pdftex.def
File: pdftex.def 2009/08/25 v0.04m Graphics/color for pdfTeX
\Gread@gobject=\count87
))
\Gin@req@height=\dimen103
\Gin@req@width=\dimen104
)
(/usr/local/texlive/2009/texmf-dist/tex/latex/natbib/natbib.sty
Package: natbib 2009/07/16 8.31 (PWD, AO)
\bibhang=\skip43
\bibsep=\skip44
LaTeX Info: Redefining \cite on input line 694.
\c@NAT@ctr=\count88
)
(/usr/local/texlive/2009/texmf-dist/tex/latex/amsmath/amsmath.sty
Package: amsmath 2000/07/18 v2.13 AMS math features
\@mathmargin=\skip45

For additional information on amsmath, use the `?' option.
(/usr/local/texlive/2009/texmf-dist/tex/latex/amsmath/amstext.sty
Package: amstext 2000/06/29 v2.01

(/usr/local/texlive/2009/texmf-dist/tex/latex/amsmath/amsgen.sty
File: amsgen.sty 1999/11/30 v2.0
\@emptytoks=\toks15
\ex@=\dimen105
))
(/usr/local/texlive/2009/texmf-dist/tex/latex/amsmath/amsbsy.sty
Package: amsbsy 1999/11/29 v1.2d
\pmbraise@=\dimen106
)
(/usr/local/texlive/2009/texmf-dist/tex/latex/amsmath/amsopn.sty
Package: amsopn 1999/12/14 v2.01 operator names
)
\inf@bad=\count89
LaTeX Info: Redefining \frac on input line 211.
\uproot@=\count90
\leftroot@=\count91
LaTeX Info: Redefining \overline on input line 307.
\classnum@=\count92
\DOTSCASE@=\count93
LaTeX Info: Redefining \ldots on input line 379.
LaTeX Info: Redefining \dots on input line 382.
LaTeX Info: Redefining \cdots on input line 467.
\Mathstrutbox@=\box26
\strutbox@=\box27
\big@size=\dimen107
LaTeX Font Info:    Redeclaring font encoding OML on input line 567.
LaTeX Font Info:    Redeclaring font encoding OMS on input line 568.
\macc@depth=\count94
\c@MaxMatrixCols=\count95
\dotsspace@=\muskip10
\c@parentequation=\count96
\dspbrk@lvl=\count97
\tag@help=\toks16
\row@=\count98
\column@=\count99
\maxfields@=\count100
\andhelp@=\toks17
\eqnshift@=\dimen108
\alignsep@=\dimen109
\tagshift@=\dimen110
\tagwidth@=\dimen111
\totwidth@=\dimen112
\lineht@=\dimen113
\@envbody=\toks18
\multlinegap=\skip46
\multlinetaggap=\skip47
\mathdisplay@stack=\toks19
LaTeX Info: Redefining \[ on input line 2666.
LaTeX Info: Redefining \] on input line 2667.
)
(/usr/local/texlive/2009/texmf-dist/tex/latex/ltxmisc/url.sty
\Urlmuskip=\muskip11
Package: url 2006/04/12  ver 3.3  Verb mode for urls, etc.
) (./Zelig.sty
(/usr/local/texlive/2009/texmf-dist/tex/latex/hyperref/hyperref.sty
Package: hyperref 2009/10/09 v6.79a Hypertext links for LaTeX

(/usr/local/texlive/2009/texmf-dist/tex/generic/oberdiek/ifpdf.sty
Package: ifpdf 2009/04/10 v2.0 Provides the ifpdf switch (HO)
Package ifpdf Info: pdfTeX in pdf mode detected.
)
(/usr/local/texlive/2009/texmf-dist/tex/generic/oberdiek/ifvtex.sty
Package: ifvtex 2008/11/04 v1.4 Switches for detecting VTeX and its modes (HO)
Package ifvtex Info: VTeX not detected.
)
(/usr/local/texlive/2009/texmf-dist/tex/generic/ifxetex/ifxetex.sty
Package: ifxetex 2009/01/23 v0.5 Provides ifxetex conditional
)
(/usr/local/texlive/2009/texmf-dist/tex/latex/oberdiek/hycolor.sty
Package: hycolor 2009/10/02 v1.5 Code for color options of hyperref/bookmark (H
O)

(/usr/local/texlive/2009/texmf-dist/tex/latex/oberdiek/xcolor-patch.sty
Package: xcolor-patch 2009/10/02 xcolor patch
))
\@linkdim=\dimen114
\Hy@linkcounter=\count101
\Hy@pagecounter=\count102

(/usr/local/texlive/2009/texmf-dist/tex/latex/hyperref/pd1enc.def
File: pd1enc.def 2009/10/09 v6.79a Hyperref: PDFDocEncoding definition (HO)
)
(/usr/local/texlive/2009/texmf-dist/tex/generic/oberdiek/etexcmds.sty
Package: etexcmds 2007/12/12 v1.2 Prefix for e-TeX command names (HO)

(/usr/local/texlive/2009/texmf-dist/tex/generic/oberdiek/infwarerr.sty
Package: infwarerr 2007/09/09 v1.2 Providing info/warning/message (HO)
)
Package etexcmds Info: Could not find \expanded.
(etexcmds)             That can mean that you are not using pdfTeX 1.50 or
(etexcmds)             that some package has redefined \expanded.
(etexcmds)             In the latter case, load this package earlier.
)
(/usr/local/texlive/2009/texmf-dist/tex/latex/latexconfig/hyperref.cfg
File: hyperref.cfg 2002/06/06 v1.2 hyperref configuration of TeXLive
)
(/usr/local/texlive/2009/texmf-dist/tex/latex/oberdiek/kvoptions.sty
Package: kvoptions 2009/08/13 v3.4 Keyval support for LaTeX options (HO)

(/usr/local/texlive/2009/texmf-dist/tex/generic/oberdiek/kvsetkeys.sty
Package: kvsetkeys 2009/07/30 v1.5 Key value parser with default handler suppor
t (HO)
))
Package hyperref Info: Hyper figures OFF on input line 2975.
Package hyperref Info: Link nesting OFF on input line 2980.
Package hyperref Info: Hyper index ON on input line 2983.
Package hyperref Info: Plain pages OFF on input line 2990.
Package hyperref Info: Backreferencing OFF on input line 2995.

Implicit mode ON; LaTeX internals redefined
Package hyperref Info: Bookmarks ON on input line 3191.
LaTeX Info: Redefining \url on input line 3428.
(/usr/local/texlive/2009/texmf-dist/tex/generic/oberdiek/bitset.sty
Package: bitset 2007/09/28 v1.0 Data type bit set (HO)

(/usr/local/texlive/2009/texmf-dist/tex/generic/oberdiek/intcalc.sty
Package: intcalc 2007/09/27 v1.1 Expandable integer calculations (HO)
)
(/usr/local/texlive/2009/texmf-dist/tex/generic/oberdiek/bigintcalc.sty
Package: bigintcalc 2007/11/11 v1.1 Expandable big integer calculations (HO)

(/usr/local/texlive/2009/texmf-dist/tex/generic/oberdiek/pdftexcmds.sty
Package: pdftexcmds 2009/09/23 v0.6 LuaTeX support for pdfTeX utility functions
 (HO)

(/usr/local/texlive/2009/texmf-dist/tex/generic/oberdiek/ifluatex.sty
Package: ifluatex 2009/04/17 v1.2 Provides the ifluatex switch (HO)
Package ifluatex Info: LuaTeX not detected.
)
(/usr/local/texlive/2009/texmf-dist/tex/generic/oberdiek/ltxcmds.sty
Package: ltxcmds 2009/08/05 v1.0 Some LaTeX kernel commands for general use (HO
)
)
Package pdftexcmds Info: LuaTeX not detected.
Package pdftexcmds Info: \pdf@primitive is available.
Package pdftexcmds Info: \pdf@ifprimitive is available.
)))
\Fld@menulength=\count103
\Field@Width=\dimen115
\Fld@charsize=\dimen116
\Field@toks=\toks20
Package hyperref Info: Hyper figures OFF on input line 4377.
Package hyperref Info: Link nesting OFF on input line 4382.
Package hyperref Info: Hyper index ON on input line 4385.
Package hyperref Info: backreferencing OFF on input line 4392.
Package hyperref Info: Link coloring OFF on input line 4397.
Package hyperref Info: Link coloring with OCG OFF on input line 4402.
Package hyperref Info: PDF/A mode OFF on input line 4407.

(/usr/local/texlive/2009/texmf-dist/tex/generic/oberdiek/atbegshi.sty
Package: atbegshi 2008/07/31 v1.9 At begin shipout hook (HO)
)
\Hy@abspage=\count104
\c@Item=\count105
\c@Hfootnote=\count106
)
*hyperref using default driver hpdftex*
(/usr/local/texlive/2009/texmf-dist/tex/latex/hyperref/hpdftex.def
File: hpdftex.def 2009/10/09 v6.79a Hyperref driver for pdfTeX
\Fld@listcount=\count107
)
(./Sweave.sty
Package: Sweave 
 (/usr/local/texlive/2009/texmf-dist/tex/latex/base/ifthen.sty
Package: ifthen 2001/05/26 v1.1c Standard LaTeX ifthen package (DPC)
)
(/usr/local/texlive/2009/texmf-dist/tex/latex/fancyvrb/fancyvrb.sty
Package: fancyvrb 2008/02/07

Style option: `fancyvrb' v2.7a, with DG/SPQR fixes, and firstline=lastline fix 
<2008/02/07> (tvz)
\FV@CodeLineNo=\count108
\FV@InFile=\read1
\FV@TabBox=\box28
\c@FancyVerbLine=\count109
\FV@StepNumber=\count110
\FV@OutFile=\write3
)
(/usr/local/texlive/2009/texmf-dist/tex/latex/upquote/upquote.sty
Package: upquote 2003/08/11 v1.1 Covington's upright-quote modification to verb
atim and verb

(/usr/local/texlive/2009/texmf-dist/tex/latex/base/textcomp.sty
Package: textcomp 2005/09/27 v1.99g Standard LaTeX package
Package textcomp Info: Sub-encoding information:
(textcomp)               5 = only ISO-Adobe without \textcurrency
(textcomp)               4 = 5 + \texteuro
(textcomp)               3 = 4 + \textohm
(textcomp)               2 = 3 + \textestimated + \textcurrency
(textcomp)               1 = TS1 - \textcircled - \t
(textcomp)               0 = TS1 (full)
(textcomp)             Font families with sub-encoding setting implement
(textcomp)             only a restricted character set as indicated.
(textcomp)             Family '?' is the default used for unknown fonts.
(textcomp)             See the documentation for details.
Package textcomp Info: Setting ? sub-encoding to TS1/1 on input line 71.

(/usr/local/texlive/2009/texmf-dist/tex/latex/base/ts1enc.def
File: ts1enc.def 2001/06/05 v3.0e (jk/car/fm) Standard LaTeX file
)
LaTeX Info: Redefining \oldstylenums on input line 266.
Package textcomp Info: Setting cmr sub-encoding to TS1/0 on input line 281.
Package textcomp Info: Setting cmss sub-encoding to TS1/0 on input line 282.
Package textcomp Info: Setting cmtt sub-encoding to TS1/0 on input line 283.
Package textcomp Info: Setting cmvtt sub-encoding to TS1/0 on input line 284.
Package textcomp Info: Setting cmbr sub-encoding to TS1/0 on input line 285.
Package textcomp Info: Setting cmtl sub-encoding to TS1/0 on input line 286.
Package textcomp Info: Setting ccr sub-encoding to TS1/0 on input line 287.
Package textcomp Info: Setting ptm sub-encoding to TS1/4 on input line 288.
Package textcomp Info: Setting pcr sub-encoding to TS1/4 on input line 289.
Package textcomp Info: Setting phv sub-encoding to TS1/4 on input line 290.
Package textcomp Info: Setting ppl sub-encoding to TS1/3 on input line 291.
Package textcomp Info: Setting pag sub-encoding to TS1/4 on input line 292.
Package textcomp Info: Setting pbk sub-encoding to TS1/4 on input line 293.
Package textcomp Info: Setting pnc sub-encoding to TS1/4 on input line 294.
Package textcomp Info: Setting pzc sub-encoding to TS1/4 on input line 295.
Package textcomp Info: Setting bch sub-encoding to TS1/4 on input line 296.
Package textcomp Info: Setting put sub-encoding to TS1/5 on input line 297.
Package textcomp Info: Setting uag sub-encoding to TS1/5 on input line 298.
Package textcomp Info: Setting ugq sub-encoding to TS1/5 on input line 299.
Package textcomp Info: Setting ul8 sub-encoding to TS1/4 on input line 300.
Package textcomp Info: Setting ul9 sub-encoding to TS1/4 on input line 301.
Package textcomp Info: Setting augie sub-encoding to TS1/5 on input line 302.
Package textcomp Info: Setting dayrom sub-encoding to TS1/3 on input line 303.
Package textcomp Info: Setting dayroms sub-encoding to TS1/3 on input line 304.

Package textcomp Info: Setting pxr sub-encoding to TS1/0 on input line 305.
Package textcomp Info: Setting pxss sub-encoding to TS1/0 on input line 306.
Package textcomp Info: Setting pxtt sub-encoding to TS1/0 on input line 307.
Package textcomp Info: Setting txr sub-encoding to TS1/0 on input line 308.
Package textcomp Info: Setting txss sub-encoding to TS1/0 on input line 309.
Package textcomp Info: Setting txtt sub-encoding to TS1/0 on input line 310.
Package textcomp Info: Setting futs sub-encoding to TS1/4 on input line 311.
Package textcomp Info: Setting futx sub-encoding to TS1/4 on input line 312.
Package textcomp Info: Setting futj sub-encoding to TS1/4 on input line 313.
Package textcomp Info: Setting hlh sub-encoding to TS1/3 on input line 314.
Package textcomp Info: Setting hls sub-encoding to TS1/3 on input line 315.
Package textcomp Info: Setting hlst sub-encoding to TS1/3 on input line 316.
Package textcomp Info: Setting hlct sub-encoding to TS1/5 on input line 317.
Package textcomp Info: Setting hlx sub-encoding to TS1/5 on input line 318.
Package textcomp Info: Setting hlce sub-encoding to TS1/5 on input line 319.
Package textcomp Info: Setting hlcn sub-encoding to TS1/5 on input line 320.
Package textcomp Info: Setting hlcw sub-encoding to TS1/5 on input line 321.
Package textcomp Info: Setting hlcf sub-encoding to TS1/5 on input line 322.
Package textcomp Info: Setting pplx sub-encoding to TS1/3 on input line 323.
Package textcomp Info: Setting pplj sub-encoding to TS1/3 on input line 324.
Package textcomp Info: Setting ptmx sub-encoding to TS1/4 on input line 325.
Package textcomp Info: Setting ptmj sub-encoding to TS1/4 on input line 326.
))
(/usr/local/texlive/2009/texmf-dist/tex/latex/base/fontenc.sty
Package: fontenc 2005/09/27 v1.99g Standard LaTeX package

(/usr/local/texlive/2009/texmf-dist/tex/latex/base/t1enc.def
File: t1enc.def 2005/09/27 v1.99g Standard LaTeX file
LaTeX Font Info:    Redeclaring font encoding T1 on input line 43.
))
(/usr/local/texlive/2009/texmf-dist/tex/latex/ae/ae.sty
Package: ae 2001/02/12 1.3 Almost European Computer Modern

(/usr/local/texlive/2009/texmf-dist/tex/latex/base/fontenc.sty
Package: fontenc 2005/09/27 v1.99g Standard LaTeX package

(/usr/local/texlive/2009/texmf-dist/tex/latex/base/t1enc.def
File: t1enc.def 2005/09/27 v1.99g Standard LaTeX file
LaTeX Font Info:    Redeclaring font encoding T1 on input line 43.
)
LaTeX Font Info:    Try loading font information for T1+aer on input line 100.

(/usr/local/texlive/2009/texmf-dist/tex/latex/ae/t1aer.fd
File: t1aer.fd 1997/11/16 Font definitions for T1/aer.
)))))
(/usr/local/texlive/2009/texmf-dist/tex/generic/xypic/xy.sty
(/usr/local/texlive/2009/texmf-dist/tex/generic/xypic/xy.tex Bootstrap'ing:
catcodes, docmode,
(/usr/local/texlive/2009/texmf-dist/tex/generic/xypic/xyrecat.tex)
(/usr/local/texlive/2009/texmf-dist/tex/generic/xypic/xyidioms.tex)

 Xy-pic version 3.7 <1999/02/16>
 Copyright (c) 1991-1998 by Kristoffer H. Rose <krisrose@ens-lyon.fr>
 Xy-pic is free software: see the User's Guide for details.

Loading kernel: messages; fonts; allocations: state,
\X@c=\dimen117
\Y@c=\dimen118
\U@c=\dimen119
\D@c=\dimen120
\L@c=\dimen121
\R@c=\dimen122
\Edge@c=\toks21
\X@p=\dimen123
\Y@p=\dimen124
\U@p=\dimen125
\D@p=\dimen126
\L@p=\dimen127
\R@p=\dimen128
\Edge@p=\toks22
\X@origin=\dimen129
\Y@origin=\dimen130
\X@xbase=\dimen131
\Y@xbase=\dimen132
\X@ybase=\dimen133
\Y@ybase=\dimen134
\X@min=\dimen135
\Y@min=\dimen136
\X@max=\dimen137
\Y@max=\dimen138
\lastobjectbox@=\box29
\zerodotbox@=\box30
\almostz@=\dimen139
 direction,
\d@X=\dimen140
\d@Y=\dimen141
\K@=\count111
\KK@=\count112
\Direction=\count113
\K@dXdY=\dimen142
\K@dYdX=\dimen143
\xyread@=\read2
\xywrite@=\write4
\csp@=\count114
\quotPTK@=\dimen144

utility macros; pictures: \xy, positions,
\swaptoks@@=\toks23
\connectobjectbox@@=\box31
 objects,
\styletoks@=\toks24
 decorations;
kernel objects: directionals, circles, text; options; algorithms: directions,
edges, connections;  Xy-pic loaded)
Package: xy 1999/02/16 Xy-pic version 3.7

(/usr/local/texlive/2009/texmf-dist/tex/generic/xypic/xyall.tex
 Xy-pic option: All features v.3.3
(/usr/local/texlive/2009/texmf-dist/tex/generic/xypic/xycurve.tex
 Xy-pic option: Curve and Spline extension v.3.7 curve,
\crv@cnt@=\count115
\crvpts@=\toks25
\splinebox@=\box32
\splineval@=\dimen145
\splinedepth@=\dimen146
\splinetol@=\dimen147
\splinelength@=\dimen148
 circles,
\L@=\dimen149
 loaded)
(/usr/local/texlive/2009/texmf-dist/tex/generic/xypic/xyframe.tex
 Xy-pic option: Frame and Bracket extension v.3.7 loaded)
(/usr/local/texlive/2009/texmf-dist/tex/generic/xypic/xycmtip.tex
 Xy-pic option: Computer Modern tip extension v.3.3
(/usr/local/texlive/2009/texmf-dist/tex/generic/xypic/xytips.tex
 Xy-pic option: More Tips extension v.3.3 loaded) loaded)
(/usr/local/texlive/2009/texmf-dist/tex/generic/xypic/xyline.tex
 Xy-pic option: Line styles extension v.3.6
\xylinethick@=\dimen150
 loaded)
(/usr/local/texlive/2009/texmf-dist/tex/generic/xypic/xyrotate.tex
 Xy-pic option: Rotate and Scale extension v.3.3 loaded)
(/usr/local/texlive/2009/texmf-dist/tex/generic/xypic/xycolor.tex
 Xy-pic option: Colour extension v.3.3 loaded)
(/usr/local/texlive/2009/texmf-dist/tex/generic/xypic/xymatrix.tex
 Xy-pic option: Matrix feature v.3.4
\Row=\count116
\Col=\count117
\queue@=\toks26
\queue@@=\toks27
\qcount@=\count118
\qcount@@=\count119
\matrixsize@=\count120
 loaded)
(/usr/local/texlive/2009/texmf-dist/tex/generic/xypic/xyarrow.tex
 Xy-pic option: Arrow and Path feature v.3.5 path, \ar, loaded)
(/usr/local/texlive/2009/texmf-dist/tex/generic/xypic/xygraph.tex
 Xy-pic option: Graph feature v.3.7 loaded) loaded)) (./logit.aux)
\openout1 = `logit.aux'.

LaTeX Font Info:    Checking defaults for OML/cmm/m/it on input line 25.
LaTeX Font Info:    ... okay on input line 25.
LaTeX Font Info:    Checking defaults for T1/cmr/m/n on input line 25.
LaTeX Font Info:    ... okay on input line 25.
LaTeX Font Info:    Checking defaults for OT1/cmr/m/n on input line 25.
LaTeX Font Info:    ... okay on input line 25.
LaTeX Font Info:    Checking defaults for OMS/cmsy/m/n on input line 25.
LaTeX Font Info:    ... okay on input line 25.
LaTeX Font Info:    Checking defaults for OMX/cmex/m/n on input line 25.
LaTeX Font Info:    ... okay on input line 25.
LaTeX Font Info:    Checking defaults for U/cmr/m/n on input line 25.
LaTeX Font Info:    ... okay on input line 25.
LaTeX Font Info:    Checking defaults for PD1/pdf/m/n on input line 25.
LaTeX Font Info:    ... okay on input line 25.
LaTeX Font Info:    Checking defaults for TS1/cmr/m/n on input line 25.
LaTeX Font Info:    Try loading font information for TS1+cmr on input line 25.

(/usr/local/texlive/2009/texmf-dist/tex/latex/base/ts1cmr.fd
File: ts1cmr.fd 1999/05/25 v2.5h Standard LaTeX font definitions
)
LaTeX Font Info:    ... okay on input line 25.

(/usr/local/texlive/2009/texmf-dist/tex/context/base/supp-pdf.mkii
[Loading MPS to PDF converter (version 2006.09.02).]
\scratchcounter=\count121
\scratchdimen=\dimen151
\scratchbox=\box33
\nofMPsegments=\count122
\nofMParguments=\count123
\everyMPshowfont=\toks28
\MPscratchCnt=\count124
\MPscratchDim=\dimen152
\MPnumerator=\count125
\everyMPtoPDFconversion=\toks29
)
Package hyperref Info: Link coloring OFF on input line 25.
 (/usr/local/texlive/2009/texmf-dist/tex/latex/hyperref/nameref.sty
Package: nameref 2007/05/29 v2.31 Cross-referencing by name of section

(/usr/local/texlive/2009/texmf-dist/tex/latex/oberdiek/refcount.sty
Package: refcount 2008/08/11 v3.1 Data extraction from references (HO)
)
\c@section@level=\count126
)
LaTeX Info: Redefining \ref on input line 25.
LaTeX Info: Redefining \pageref on input line 25.

(./logit.out) (./logit.out)
\@outlinefile=\write5
\openout5 = `logit.out'.

\AtBeginShipoutBox=\box34
 (./logit.bbl)
LaTeX Font Info:    Try loading font information for T1+aett on input line 39.

(/usr/local/texlive/2009/texmf-dist/tex/latex/ae/t1aett.fd
File: t1aett.fd 1997/11/16 Font definitions for T1/aett.
)
LaTeX Font Info:    Try loading font information for TS1+aer on input line 50.
LaTeX Font Info:    No file TS1aer.fd. on input line 50.


LaTeX Font Warning: Font shape `TS1/aer/m/n' undefined
(Font)              using `TS1/cmr/m/n' instead
(Font)              for symbol `textbullet' on input line 50.

[1

{/usr/local/texlive/2009/texmf-var/fonts/map/pdftex/updmap/pdftex.map}]
<logit-ExamplePlot.pdf, id=50, 433.62pt x 433.62pt>
File: logit-ExamplePlot.pdf Graphic file (type pdf)

<use logit-ExamplePlot.pdf> [2 <./logit-ExamplePlot.pdf>]
<logit-FirstDifferencesPlot.pdf, id=62, 433.62pt x 433.62pt>
File: logit-FirstDifferencesPlot.pdf Graphic file (type pdf)

<use logit-FirstDifferencesPlot.pdf>
<logit-ROCPlot.pdf, id=63, 433.62pt x 433.62pt>
File: logit-ROCPlot.pdf Graphic file (type pdf)
 <use logit-ROCPlot.pdf>
[3 <./logit-FirstDifferencesPlot.pdf>] [4 <./logit-ROCPlot.pdf>] [5] [6]

Package natbib Warning: Author undefined for citation`VenRip02' 
(natbib)                on page 7 on input line 316.


Package natbib Warning: Author undefined for citation`Zeileis04' 
(natbib)                on page 7 on input line 319.

(./logit.bbl
Underfull \hbox (badness 3189) in paragraph at lines 14--20
[]\T1/aer/m/n/10 Gary King, Michael Tomz, and Ja-son Wit-ten-berg.  Mak-ing the

 []


Underfull \hbox (badness 1681) in paragraph at lines 14--20
\T1/aer/m/n/10 most of sta-tis-ti-cal anal-y-ses: Im-prov-ing in-ter-pre-ta-tio
n and pre-sen-ta-
 []

[7pdfTeX warning (ext4): destination with the same identifier (name{cite.ImaLau
Kin-logit11}) has been already used, duplicate ignored

\AtBegShi@Output ...ipout \box \AtBeginShipoutBox 
                                                  \fi \fi 
l.48 
     ]) [8] (./logit.aux)

LaTeX Font Warning: Some font shapes were not available, defaults substituted.

 ) 
Here is how much of TeX's memory you used:
 8481 strings out of 493848
 116252 string characters out of 3149207
 222542 words of memory out of 3000000
 11550 multiletter control sequences out of 15000+200000
 27370 words of font info for 57 fonts, out of 3000000 for 9000
 714 hyphenation exceptions out of 8191
 45i,8n,36p,285b,537s stack positions out of 5000i,500n,10000p,200000b,50000s
{/usr/local/texlive/2009/texmf-dist/fonts/enc/dvips/cm-super/cm-super-ts1.enc
}</usr/local/texlive/2009/texmf-dist/fonts/type1/public/amsfonts/cm/cmbx10.pfb>
</usr/local/texlive/2009/texmf-dist/fonts/type1/public/amsfonts/cm/cmbx12.pfb><
/usr/local/texlive/2009/texmf-dist/fonts/type1/public/amsfonts/cm/cmex10.pfb></
usr/local/texlive/2009/texmf-dist/fonts/type1/public/amsfonts/cm/cmmi10.pfb></u
sr/local/texlive/2009/texmf-dist/fonts/type1/public/amsfonts/cm/cmmi5.pfb></usr
/local/texlive/2009/texmf-dist/fonts/type1/public/amsfonts/cm/cmmi7.pfb></usr/l
ocal/texlive/2009/texmf-dist/fonts/type1/public/amsfonts/cm/cmr10.pfb></usr/loc
al/texlive/2009/texmf-dist/fonts/type1/public/amsfonts/cm/cmr7.pfb></usr/local/
texlive/2009/texmf-dist/fonts/type1/public/amsfonts/cm/cmsltt10.pfb></usr/local
/texlive/2009/texmf-dist/fonts/type1/public/amsfonts/cm/cmsy10.pfb></usr/local/
texlive/2009/texmf-dist/fonts/type1/public/amsfonts/cm/cmsy7.pfb></usr/local/te
xlive/2009/texmf-dist/fonts/type1/public/amsfonts/cm/cmti10.pfb></usr/local/tex
live/2009/texmf-dist/fonts/type1/public/amsfonts/cm/cmtt10.pfb></usr/local/texl
ive/2009/texmf-dist/fonts/type1/public/cm-super/sfrm1000.pfb>
Output written on logit.pdf (8 pages, 222984 bytes).
PDF statistics:
 178 PDF objects out of 1000 (max. 8388607)
 31 named destinations out of 1000 (max. 500000)
 72 words of extra memory for PDF output out of 10000 (max. 10000000)

